<?xml version="1.0" encoding="UTF-8"?>
<!-- Generated by org.testng.reporters.JUnitReportReporter -->
<testsuite skipped="0" hostname="ShivamSoni-PC" name="pkg1.NewTest" tests="2" failures="0" timestamp="12 Aug 2019 17:26:28 GMT" time="19.900" errors="0">
  <testcase name="NavigateToGmail" time="5.212" classname="pkg1.NewTest"/>
  <testcase name="LoginToGmail" time="14.688" classname="pkg1.NewTest"/>
</testsuite> <!-- pkg1.NewTest -->
