<?xml version="1.0" encoding="UTF-8"?>
<!-- Generated by org.testng.reporters.JUnitReportReporter -->
<testsuite skipped="0" hostname="ShivamSoni-PC" name="pkg1.NewTest" tests="1" failures="0" timestamp="12 Aug 2019 15:23:34 GMT" time="0.012" errors="0">
  <testcase name="PerformTest" time="0.012" classname="pkg1.NewTest"/>
</testsuite> <!-- pkg1.NewTest -->
